[0m16:15:59.243614 [debug] [MainThread]: Sending event: {'category': 'dbt', 'action': 'invocation', 'label': 'start', 'context': [<snowplow_tracker.self_describing_json.SelfDescribingJson object at 0x000002C30DE95BB0>, <snowplow_tracker.self_describing_json.SelfDescribingJson object at 0x000002C30F85A1E0>, <snowplow_tracker.self_describing_json.SelfDescribingJson object at 0x000002C30DE95E20>]}


============================== 16:15:59.287692 | 8e599698-d6b0-4cb4-b905-c02cce9ed65a ==============================
[0m16:15:59.287692 [info ] [MainThread]: Running with dbt=1.8.3
[0m16:15:59.289695 [debug] [MainThread]: running dbt with arguments {'printer_width': '80', 'indirect_selection': 'eager', 'log_cache_events': 'False', 'write_json': 'True', 'partial_parse': 'True', 'cache_selected_only': 'False', 'profiles_dir': 'C:\\Users\\4960022614\\.dbt', 'fail_fast': 'False', 'warn_error': 'None', 'log_path': 'logs', 'debug': 'False', 'version_check': 'True', 'use_colors': 'True', 'use_experimental_parser': 'False', 'no_print': 'None', 'quiet': 'False', 'empty': 'None', 'warn_error_options': 'WarnErrorOptions(include=[], exclude=[])', 'static_parser': 'True', 'introspect': 'True', 'log_format': 'default', 'target_path': 'None', 'invocation_command': 'dbt init', 'send_anonymous_usage_stats': 'True'}
[0m16:15:59.488693 [warn ] [MainThread]: [ConfigFolderDirectory]: Unable to parse dict {'dir': WindowsPath('C:/Users/4960022614/.dbt')}
[0m16:15:59.490693 [info ] [MainThread]: Creating dbt configuration folder at 
[0m16:30:22.693138 [debug] [MainThread]: Starter project path: C:\Users\4960022614\AppData\Local\pypoetry\Cache\virtualenvs\dbt-core-northwind-f-5o9gdW-py3.12\Lib\site-packages\dbt\include\starter_project
[0m16:30:22.716141 [info ] [MainThread]: 
Your new dbt project "northwind" was created!

For more information on how to configure the profiles.yml file,
please consult the dbt documentation here:

  https://docs.getdbt.com/docs/configure-your-profile

One more thing:

Need help? Don't hesitate to reach out to us via GitHub issues or on Slack:

  https://community.getdbt.com/

Happy modeling!

[0m16:30:22.718137 [info ] [MainThread]: Setting up your profile.
[0m16:56:38.880373 [info ] [MainThread]: Profile northwind written to C:\Users\4960022614\.dbt\profiles.yml using target's profile_template.yml and your supplied values. Run 'dbt debug' to validate the connection.
[0m16:56:38.882372 [debug] [MainThread]: Command `dbt init` succeeded at 16:56:38.882372 after 2439.85 seconds
[0m16:56:38.883376 [debug] [MainThread]: Sending event: {'category': 'dbt', 'action': 'invocation', 'label': 'end', 'context': [<snowplow_tracker.self_describing_json.SelfDescribingJson object at 0x000002C30DAD14F0>, <snowplow_tracker.self_describing_json.SelfDescribingJson object at 0x000002C30FED5880>, <snowplow_tracker.self_describing_json.SelfDescribingJson object at 0x000002C30F89EF00>]}
[0m16:56:38.884372 [debug] [MainThread]: Flushing usage events
[0m18:24:22.652968 [debug] [MainThread]: Sending event: {'category': 'dbt', 'action': 'invocation', 'label': 'start', 'context': [<snowplow_tracker.self_describing_json.SelfDescribingJson object at 0x000001C543774C80>, <snowplow_tracker.self_describing_json.SelfDescribingJson object at 0x000001C543C754C0>, <snowplow_tracker.self_describing_json.SelfDescribingJson object at 0x000001C540E341A0>]}


============================== 18:24:22.659969 | 26b9f6dc-9d47-4df0-9233-cb2578ab522a ==============================
[0m18:24:22.659969 [info ] [MainThread]: Running with dbt=1.8.3
[0m18:24:22.660969 [debug] [MainThread]: running dbt with arguments {'printer_width': '80', 'indirect_selection': 'eager', 'write_json': 'True', 'log_cache_events': 'False', 'partial_parse': 'True', 'cache_selected_only': 'False', 'warn_error': 'None', 'debug': 'False', 'fail_fast': 'False', 'log_path': 'logs', 'version_check': 'True', 'profiles_dir': 'C:\\Users\\4960022614\\.dbt', 'use_colors': 'True', 'use_experimental_parser': 'False', 'empty': 'None', 'quiet': 'False', 'no_print': 'None', 'warn_error_options': 'WarnErrorOptions(include=[], exclude=[])', 'static_parser': 'True', 'introspect': 'True', 'log_format': 'default', 'target_path': 'None', 'invocation_command': 'dbt debug', 'send_anonymous_usage_stats': 'True'}
[0m18:24:22.728254 [info ] [MainThread]: dbt version: 1.8.3
[0m18:24:22.729249 [info ] [MainThread]: python version: 3.12.1
[0m18:24:22.730233 [info ] [MainThread]: python path: C:\Users\4960022614\AppData\Local\pypoetry\Cache\virtualenvs\dbt-core-northwind-f-5o9gdW-py3.12\Scripts\python.exe
[0m18:24:22.730233 [info ] [MainThread]: os info: Windows-10-10.0.19045-SP0
[0m18:24:22.850364 [info ] [MainThread]: Using profiles dir at C:\Users\4960022614\.dbt
[0m18:24:22.851305 [info ] [MainThread]: Using profiles.yml file at C:\Users\4960022614\.dbt\profiles.yml
[0m18:24:22.852316 [info ] [MainThread]: Using dbt_project.yml file at C:\Users\4960022614\Documents\dbt-core-northwind\dbt_project.yml
[0m18:24:22.863609 [info ] [MainThread]: adapter type: postgres
[0m18:24:22.864608 [info ] [MainThread]: adapter version: 1.8.2
[0m18:24:22.865611 [info ] [MainThread]: Configuration:
[0m18:24:22.867608 [info ] [MainThread]:   profiles.yml file [[32mOK found and valid[0m]
[0m18:24:22.867608 [info ] [MainThread]:   dbt_project.yml file [[31mERROR not found[0m]
[0m18:24:22.868608 [info ] [MainThread]: Required dependencies:
[0m18:24:22.869616 [debug] [MainThread]: Executing "git --help"
[0m18:24:22.915503 [debug] [MainThread]: STDOUT: "b"usage: git [-v | --version] [-h | --help] [-C <path>] [-c <name>=<value>]\n           [--exec-path[=<path>]] [--html-path] [--man-path] [--info-path]\n           [-p | --paginate | -P | --no-pager] [--no-replace-objects] [--bare]\n           [--git-dir=<path>] [--work-tree=<path>] [--namespace=<name>]\n           [--config-env=<name>=<envvar>] <command> [<args>]\n\nThese are common Git commands used in various situations:\n\nstart a working area (see also: git help tutorial)\n   clone     Clone a repository into a new directory\n   init      Create an empty Git repository or reinitialize an existing one\n\nwork on the current change (see also: git help everyday)\n   add       Add file contents to the index\n   mv        Move or rename a file, a directory, or a symlink\n   restore   Restore working tree files\n   rm        Remove files from the working tree and from the index\n\nexamine the history and state (see also: git help revisions)\n   bisect    Use binary search to find the commit that introduced a bug\n   diff      Show changes between commits, commit and working tree, etc\n   grep      Print lines matching a pattern\n   log       Show commit logs\n   show      Show various types of objects\n   status    Show the working tree status\n\ngrow, mark and tweak your common history\n   branch    List, create, or delete branches\n   commit    Record changes to the repository\n   merge     Join two or more development histories together\n   rebase    Reapply commits on top of another base tip\n   reset     Reset current HEAD to the specified state\n   switch    Switch branches\n   tag       Create, list, delete or verify a tag object signed with GPG\n\ncollaborate (see also: git help workflows)\n   fetch     Download objects and refs from another repository\n   pull      Fetch from and integrate with another repository or a local branch\n   push      Update remote refs along with associated objects\n\n'git help -a' and 'git help -g' list available subcommands and some\nconcept guides. See 'git help <command>' or 'git help <concept>'\nto read about a specific subcommand or concept.\nSee 'git help git' for an overview of the system.\n""
[0m18:24:22.915503 [debug] [MainThread]: STDERR: "b''"
[0m18:24:22.916502 [info ] [MainThread]:  - git [[32mOK found[0m]

[0m18:24:22.917592 [info ] [MainThread]: Connection:
[0m18:24:22.918502 [info ] [MainThread]:   host: dpg-cpu6miaj1k6c73b9jl9g-a.oregon-postgres.render.com
[0m18:24:22.919499 [info ] [MainThread]:   port: 5432
[0m18:24:22.919499 [info ] [MainThread]:   user: dbusername
[0m18:24:22.921500 [info ] [MainThread]:   database: northwind
[0m18:24:22.922499 [info ] [MainThread]:   schema: public
[0m18:24:22.923503 [info ] [MainThread]:   connect_timeout: 10
[0m18:24:22.924501 [info ] [MainThread]:   role: None
[0m18:24:22.925498 [info ] [MainThread]:   search_path: None
[0m18:24:22.926498 [info ] [MainThread]:   keepalives_idle: 0
[0m18:24:22.927500 [info ] [MainThread]:   sslmode: None
[0m18:24:22.927500 [info ] [MainThread]:   sslcert: None
[0m18:24:22.928568 [info ] [MainThread]:   sslkey: None
[0m18:24:22.929558 [info ] [MainThread]:   sslrootcert: None
[0m18:24:22.930198 [info ] [MainThread]:   application_name: dbt
[0m18:24:22.931208 [info ] [MainThread]:   retries: 1
[0m18:24:22.932207 [info ] [MainThread]: Registered adapter: postgres=1.8.2
[0m18:24:22.933207 [debug] [MainThread]: Acquiring new postgres connection 'debug'
[0m18:24:26.221423 [debug] [MainThread]: Using postgres connection "debug"
[0m18:24:26.222424 [debug] [MainThread]: On debug: select 1 as id
[0m18:24:26.222424 [debug] [MainThread]: Opening a new connection, currently in state init
[0m18:24:27.727203 [debug] [MainThread]: Postgres adapter: Got a retryable error when attempting to open a postgres connection.
1 attempts remaining. Retrying in 0 seconds.
Error:
connection to server at "dpg-cpu6miaj1k6c73b9jl9g-a.oregon-postgres.render.com" (35.227.164.209), port 5432 failed: FATAL:  password authentication failed for user "dbusername"
connection to server at "dpg-cpu6miaj1k6c73b9jl9g-a.oregon-postgres.render.com" (35.227.164.209), port 5432 failed: FATAL:  SSL/TLS required

[0m18:24:29.124315 [debug] [MainThread]: Postgres adapter: Error running SQL: select 1 as id
[0m18:24:29.125301 [debug] [MainThread]: Postgres adapter: Rolling back transaction.
[0m18:24:29.125301 [debug] [MainThread]: On debug: No close available on handle
[0m18:24:29.126298 [info ] [MainThread]:   Connection test: [[31mERROR[0m]

[0m18:24:29.127299 [info ] [MainThread]: [31m2 checks failed:[0m
[0m18:24:29.128300 [info ] [MainThread]: Project loading failed for the following reason:
 project path <C:\Users\4960022614\Documents\dbt-core-northwind\dbt_project.yml> not found

[0m18:24:29.129300 [info ] [MainThread]: dbt was unable to connect to the specified database.
The database returned the following error:

  >Database Error
  connection to server at "dpg-cpu6miaj1k6c73b9jl9g-a.oregon-postgres.render.com" (35.227.164.209), port 5432 failed: FATAL:  password authentication failed for user "dbusername"
  connection to server at "dpg-cpu6miaj1k6c73b9jl9g-a.oregon-postgres.render.com" (35.227.164.209), port 5432 failed: FATAL:  SSL/TLS required
  

Check your database credentials and try again. For more information, visit:
https://docs.getdbt.com/docs/configure-your-profile


[0m18:24:29.131297 [debug] [MainThread]: Command `dbt debug` failed at 18:24:29.131297 after 6.60 seconds
[0m18:24:29.131297 [debug] [MainThread]: Connection 'debug' was properly closed.
[0m18:24:29.132297 [debug] [MainThread]: Sending event: {'category': 'dbt', 'action': 'invocation', 'label': 'end', 'context': [<snowplow_tracker.self_describing_json.SelfDescribingJson object at 0x000001C54386FC80>, <snowplow_tracker.self_describing_json.SelfDescribingJson object at 0x000001C543ADDE20>, <snowplow_tracker.self_describing_json.SelfDescribingJson object at 0x000001C540EA6750>]}
[0m18:24:29.132297 [debug] [MainThread]: Flushing usage events
[0m18:27:29.478977 [debug] [MainThread]: Sending event: {'category': 'dbt', 'action': 'invocation', 'label': 'start', 'context': [<snowplow_tracker.self_describing_json.SelfDescribingJson object at 0x000002A7394B3200>, <snowplow_tracker.self_describing_json.SelfDescribingJson object at 0x000002A73B4EC830>, <snowplow_tracker.self_describing_json.SelfDescribingJson object at 0x000002A73BBC3110>]}


============================== 18:27:29.483979 | 1f478700-84bf-464e-82ab-2513262dacaf ==============================
[0m18:27:29.483979 [info ] [MainThread]: Running with dbt=1.8.3
[0m18:27:29.484986 [debug] [MainThread]: running dbt with arguments {'printer_width': '80', 'indirect_selection': 'eager', 'write_json': 'True', 'log_cache_events': 'False', 'partial_parse': 'True', 'cache_selected_only': 'False', 'warn_error': 'None', 'version_check': 'True', 'debug': 'False', 'log_path': 'logs', 'fail_fast': 'False', 'profiles_dir': '.', 'use_colors': 'True', 'use_experimental_parser': 'False', 'empty': 'None', 'quiet': 'False', 'no_print': 'None', 'log_format': 'default', 'introspect': 'True', 'warn_error_options': 'WarnErrorOptions(include=[], exclude=[])', 'static_parser': 'True', 'target_path': 'None', 'invocation_command': 'dbt debug --profiles-dir .', 'send_anonymous_usage_stats': 'True'}
[0m18:27:29.505817 [info ] [MainThread]: dbt version: 1.8.3
[0m18:27:29.506837 [info ] [MainThread]: python version: 3.12.1
[0m18:27:29.507819 [info ] [MainThread]: python path: C:\Users\4960022614\AppData\Local\pypoetry\Cache\virtualenvs\dbt-core-northwind-f-5o9gdW-py3.12\Scripts\python.exe
[0m18:27:29.507819 [info ] [MainThread]: os info: Windows-10-10.0.19045-SP0
[0m18:27:29.508826 [info ] [MainThread]: Using profiles dir at .
[0m18:27:29.509833 [info ] [MainThread]: Using profiles.yml file at .\profiles.yml
[0m18:27:29.510818 [info ] [MainThread]: Using dbt_project.yml file at C:\Users\4960022614\Documents\dbt-core-northwind\dbt_project.yml
[0m18:27:29.510818 [info ] [MainThread]: Configuration:
[0m18:27:29.511820 [info ] [MainThread]:   profiles.yml file [[31mERROR not found[0m]
[0m18:27:29.512821 [info ] [MainThread]:   dbt_project.yml file [[31mERROR not found[0m]
[0m18:27:29.512821 [info ] [MainThread]: Required dependencies:
[0m18:27:29.513831 [debug] [MainThread]: Executing "git --help"
[0m18:27:29.555839 [debug] [MainThread]: STDOUT: "b"usage: git [-v | --version] [-h | --help] [-C <path>] [-c <name>=<value>]\n           [--exec-path[=<path>]] [--html-path] [--man-path] [--info-path]\n           [-p | --paginate | -P | --no-pager] [--no-replace-objects] [--bare]\n           [--git-dir=<path>] [--work-tree=<path>] [--namespace=<name>]\n           [--config-env=<name>=<envvar>] <command> [<args>]\n\nThese are common Git commands used in various situations:\n\nstart a working area (see also: git help tutorial)\n   clone     Clone a repository into a new directory\n   init      Create an empty Git repository or reinitialize an existing one\n\nwork on the current change (see also: git help everyday)\n   add       Add file contents to the index\n   mv        Move or rename a file, a directory, or a symlink\n   restore   Restore working tree files\n   rm        Remove files from the working tree and from the index\n\nexamine the history and state (see also: git help revisions)\n   bisect    Use binary search to find the commit that introduced a bug\n   diff      Show changes between commits, commit and working tree, etc\n   grep      Print lines matching a pattern\n   log       Show commit logs\n   show      Show various types of objects\n   status    Show the working tree status\n\ngrow, mark and tweak your common history\n   branch    List, create, or delete branches\n   commit    Record changes to the repository\n   merge     Join two or more development histories together\n   rebase    Reapply commits on top of another base tip\n   reset     Reset current HEAD to the specified state\n   switch    Switch branches\n   tag       Create, list, delete or verify a tag object signed with GPG\n\ncollaborate (see also: git help workflows)\n   fetch     Download objects and refs from another repository\n   pull      Fetch from and integrate with another repository or a local branch\n   push      Update remote refs along with associated objects\n\n'git help -a' and 'git help -g' list available subcommands and some\nconcept guides. See 'git help <command>' or 'git help <concept>'\nto read about a specific subcommand or concept.\nSee 'git help git' for an overview of the system.\n""
[0m18:27:29.556837 [debug] [MainThread]: STDERR: "b''"
[0m18:27:29.557843 [info ] [MainThread]:  - git [[32mOK found[0m]

[0m18:27:29.558829 [info ] [MainThread]: Connection test skipped since no profile was found
[0m18:27:29.559894 [info ] [MainThread]: [31m2 checks failed:[0m
[0m18:27:29.560851 [info ] [MainThread]: dbt looked for a profiles.yml file in .\profiles.yml, but did
not find one. For more information on configuring your profile, consult the
documentation:

https://docs.getdbt.com/docs/configure-your-profile


[0m18:27:29.561858 [info ] [MainThread]: Project loading failed for the following reason:
 project path <C:\Users\4960022614\Documents\dbt-core-northwind\dbt_project.yml> not found

[0m18:27:29.563851 [debug] [MainThread]: Command `dbt debug` failed at 18:27:29.563851 after 0.19 seconds
[0m18:27:29.563851 [debug] [MainThread]: Sending event: {'category': 'dbt', 'action': 'invocation', 'label': 'end', 'context': [<snowplow_tracker.self_describing_json.SelfDescribingJson object at 0x000002A73BF49E50>, <snowplow_tracker.self_describing_json.SelfDescribingJson object at 0x000002A7386367E0>, <snowplow_tracker.self_describing_json.SelfDescribingJson object at 0x000002A73B655CA0>]}
[0m18:27:29.564868 [debug] [MainThread]: Flushing usage events
[0m18:27:45.551766 [debug] [MainThread]: Sending event: {'category': 'dbt', 'action': 'invocation', 'label': 'start', 'context': [<snowplow_tracker.self_describing_json.SelfDescribingJson object at 0x000002087D0CF080>, <snowplow_tracker.self_describing_json.SelfDescribingJson object at 0x000002087D1C9BB0>, <snowplow_tracker.self_describing_json.SelfDescribingJson object at 0x000002087B3B3200>]}


============================== 18:27:45.556754 | 332004a0-4183-4e49-a5e6-84796f1f0604 ==============================
[0m18:27:45.556754 [info ] [MainThread]: Running with dbt=1.8.3
[0m18:27:45.557756 [debug] [MainThread]: running dbt with arguments {'printer_width': '80', 'indirect_selection': 'eager', 'log_cache_events': 'False', 'write_json': 'True', 'partial_parse': 'True', 'cache_selected_only': 'False', 'warn_error': 'None', 'debug': 'False', 'fail_fast': 'False', 'log_path': 'logs', 'profiles_dir': 'C:\\Users\\4960022614\\.dbt', 'version_check': 'True', 'use_colors': 'True', 'use_experimental_parser': 'False', 'no_print': 'None', 'quiet': 'False', 'empty': 'None', 'warn_error_options': 'WarnErrorOptions(include=[], exclude=[])', 'introspect': 'True', 'log_format': 'default', 'invocation_command': 'dbt debug', 'target_path': 'None', 'static_parser': 'True', 'send_anonymous_usage_stats': 'True'}
[0m18:27:45.574939 [info ] [MainThread]: dbt version: 1.8.3
[0m18:27:45.575914 [info ] [MainThread]: python version: 3.12.1
[0m18:27:45.576915 [info ] [MainThread]: python path: C:\Users\4960022614\AppData\Local\pypoetry\Cache\virtualenvs\dbt-core-northwind-f-5o9gdW-py3.12\Scripts\python.exe
[0m18:27:45.576915 [info ] [MainThread]: os info: Windows-10-10.0.19045-SP0
[0m18:27:45.638409 [info ] [MainThread]: Using profiles dir at C:\Users\4960022614\.dbt
[0m18:27:45.640407 [info ] [MainThread]: Using profiles.yml file at C:\Users\4960022614\.dbt\profiles.yml
[0m18:27:45.641408 [info ] [MainThread]: Using dbt_project.yml file at C:\Users\4960022614\Documents\dbt-core-northwind\dbt_project.yml
[0m18:27:45.642410 [info ] [MainThread]: adapter type: postgres
[0m18:27:45.643408 [info ] [MainThread]: adapter version: 1.8.2
[0m18:27:45.644427 [info ] [MainThread]: Configuration:
[0m18:27:45.645409 [info ] [MainThread]:   profiles.yml file [[32mOK found and valid[0m]
[0m18:27:45.645409 [info ] [MainThread]:   dbt_project.yml file [[31mERROR not found[0m]
[0m18:27:45.646406 [info ] [MainThread]: Required dependencies:
[0m18:27:45.647499 [debug] [MainThread]: Executing "git --help"
[0m18:27:45.684431 [debug] [MainThread]: STDOUT: "b"usage: git [-v | --version] [-h | --help] [-C <path>] [-c <name>=<value>]\n           [--exec-path[=<path>]] [--html-path] [--man-path] [--info-path]\n           [-p | --paginate | -P | --no-pager] [--no-replace-objects] [--bare]\n           [--git-dir=<path>] [--work-tree=<path>] [--namespace=<name>]\n           [--config-env=<name>=<envvar>] <command> [<args>]\n\nThese are common Git commands used in various situations:\n\nstart a working area (see also: git help tutorial)\n   clone     Clone a repository into a new directory\n   init      Create an empty Git repository or reinitialize an existing one\n\nwork on the current change (see also: git help everyday)\n   add       Add file contents to the index\n   mv        Move or rename a file, a directory, or a symlink\n   restore   Restore working tree files\n   rm        Remove files from the working tree and from the index\n\nexamine the history and state (see also: git help revisions)\n   bisect    Use binary search to find the commit that introduced a bug\n   diff      Show changes between commits, commit and working tree, etc\n   grep      Print lines matching a pattern\n   log       Show commit logs\n   show      Show various types of objects\n   status    Show the working tree status\n\ngrow, mark and tweak your common history\n   branch    List, create, or delete branches\n   commit    Record changes to the repository\n   merge     Join two or more development histories together\n   rebase    Reapply commits on top of another base tip\n   reset     Reset current HEAD to the specified state\n   switch    Switch branches\n   tag       Create, list, delete or verify a tag object signed with GPG\n\ncollaborate (see also: git help workflows)\n   fetch     Download objects and refs from another repository\n   pull      Fetch from and integrate with another repository or a local branch\n   push      Update remote refs along with associated objects\n\n'git help -a' and 'git help -g' list available subcommands and some\nconcept guides. See 'git help <command>' or 'git help <concept>'\nto read about a specific subcommand or concept.\nSee 'git help git' for an overview of the system.\n""
[0m18:27:45.685407 [debug] [MainThread]: STDERR: "b''"
[0m18:27:45.686430 [info ] [MainThread]:  - git [[32mOK found[0m]

[0m18:27:45.686430 [info ] [MainThread]: Connection:
[0m18:27:45.687407 [info ] [MainThread]:   host: dpg-cpu6miaj1k6c73b9jl9g-a.oregon-postgres.render.com
[0m18:27:45.688428 [info ] [MainThread]:   port: 5432
[0m18:27:45.688428 [info ] [MainThread]:   user: dbusername
[0m18:27:45.689406 [info ] [MainThread]:   database: northwind
[0m18:27:45.690407 [info ] [MainThread]:   schema: public
[0m18:27:45.691409 [info ] [MainThread]:   connect_timeout: 10
[0m18:27:45.691409 [info ] [MainThread]:   role: None
[0m18:27:45.692407 [info ] [MainThread]:   search_path: None
[0m18:27:45.693406 [info ] [MainThread]:   keepalives_idle: 0
[0m18:27:45.694410 [info ] [MainThread]:   sslmode: None
[0m18:27:45.694410 [info ] [MainThread]:   sslcert: None
[0m18:27:45.695406 [info ] [MainThread]:   sslkey: None
[0m18:27:45.695406 [info ] [MainThread]:   sslrootcert: None
[0m18:27:45.696406 [info ] [MainThread]:   application_name: dbt
[0m18:27:45.696406 [info ] [MainThread]:   retries: 1
[0m18:27:45.697407 [info ] [MainThread]: Registered adapter: postgres=1.8.2
[0m18:27:45.697407 [debug] [MainThread]: Acquiring new postgres connection 'debug'
[0m18:27:45.758410 [debug] [MainThread]: Using postgres connection "debug"
[0m18:27:45.759498 [debug] [MainThread]: On debug: select 1 as id
[0m18:27:45.759498 [debug] [MainThread]: Opening a new connection, currently in state init
[0m18:27:46.871686 [debug] [MainThread]: Postgres adapter: Got a retryable error when attempting to open a postgres connection.
1 attempts remaining. Retrying in 0 seconds.
Error:
connection to server at "dpg-cpu6miaj1k6c73b9jl9g-a.oregon-postgres.render.com" (35.227.164.209), port 5432 failed: FATAL:  database "northwind" does not exist

[0m18:27:47.917349 [debug] [MainThread]: Postgres adapter: Error running SQL: select 1 as id
[0m18:27:47.917349 [debug] [MainThread]: Postgres adapter: Rolling back transaction.
[0m18:27:47.918366 [debug] [MainThread]: On debug: No close available on handle
[0m18:27:47.918366 [info ] [MainThread]:   Connection test: [[31mERROR[0m]

[0m18:27:47.919348 [info ] [MainThread]: [31m2 checks failed:[0m
[0m18:27:47.920344 [info ] [MainThread]: Project loading failed for the following reason:
 project path <C:\Users\4960022614\Documents\dbt-core-northwind\dbt_project.yml> not found

[0m18:27:47.921345 [info ] [MainThread]: dbt was unable to connect to the specified database.
The database returned the following error:

  >Database Error
  connection to server at "dpg-cpu6miaj1k6c73b9jl9g-a.oregon-postgres.render.com" (35.227.164.209), port 5432 failed: FATAL:  database "northwind" does not exist
  

Check your database credentials and try again. For more information, visit:
https://docs.getdbt.com/docs/configure-your-profile


[0m18:27:47.923345 [debug] [MainThread]: Command `dbt debug` failed at 18:27:47.923345 after 2.48 seconds
[0m18:27:47.924345 [debug] [MainThread]: Connection 'debug' was properly closed.
[0m18:27:47.924345 [debug] [MainThread]: Sending event: {'category': 'dbt', 'action': 'invocation', 'label': 'end', 'context': [<snowplow_tracker.self_describing_json.SelfDescribingJson object at 0x000002087DCB9BE0>, <snowplow_tracker.self_describing_json.SelfDescribingJson object at 0x000002087DEEA330>, <snowplow_tracker.self_describing_json.SelfDescribingJson object at 0x000002087D952C60>]}
[0m18:27:47.925371 [debug] [MainThread]: Flushing usage events
[0m18:30:44.300116 [debug] [MainThread]: Sending event: {'category': 'dbt', 'action': 'invocation', 'label': 'start', 'context': [<snowplow_tracker.self_describing_json.SelfDescribingJson object at 0x000001D97686E0F0>, <snowplow_tracker.self_describing_json.SelfDescribingJson object at 0x000001D978486D80>, <snowplow_tracker.self_describing_json.SelfDescribingJson object at 0x000001D978484E00>]}


============================== 18:30:44.305036 | 70beeed2-95c6-4bd2-96c5-253b0df1d050 ==============================
[0m18:30:44.305036 [info ] [MainThread]: Running with dbt=1.8.3
[0m18:30:44.306026 [debug] [MainThread]: running dbt with arguments {'printer_width': '80', 'indirect_selection': 'eager', 'write_json': 'True', 'log_cache_events': 'False', 'partial_parse': 'True', 'cache_selected_only': 'False', 'warn_error': 'None', 'debug': 'False', 'fail_fast': 'False', 'log_path': 'logs', 'version_check': 'True', 'profiles_dir': 'C:\\Users\\4960022614\\.dbt', 'use_colors': 'True', 'use_experimental_parser': 'False', 'no_print': 'None', 'quiet': 'False', 'empty': 'None', 'log_format': 'default', 'static_parser': 'True', 'warn_error_options': 'WarnErrorOptions(include=[], exclude=[])', 'introspect': 'True', 'target_path': 'None', 'invocation_command': 'dbt debug', 'send_anonymous_usage_stats': 'True'}
[0m18:30:44.327095 [info ] [MainThread]: dbt version: 1.8.3
[0m18:30:44.327927 [info ] [MainThread]: python version: 3.12.1
[0m18:30:44.329041 [info ] [MainThread]: python path: C:\Users\4960022614\AppData\Local\pypoetry\Cache\virtualenvs\dbt-core-northwind-f-5o9gdW-py3.12\Scripts\python.exe
[0m18:30:44.329935 [info ] [MainThread]: os info: Windows-10-10.0.19045-SP0
[0m18:30:44.390998 [info ] [MainThread]: Using profiles dir at C:\Users\4960022614\.dbt
[0m18:30:44.391927 [info ] [MainThread]: Using profiles.yml file at C:\Users\4960022614\.dbt\profiles.yml
[0m18:30:44.392926 [info ] [MainThread]: Using dbt_project.yml file at C:\Users\4960022614\Documents\dbt-core-northwind\dbt_project.yml
[0m18:30:44.395416 [info ] [MainThread]: adapter type: postgres
[0m18:30:44.396414 [info ] [MainThread]: adapter version: 1.8.2
[0m18:30:44.397413 [info ] [MainThread]: Configuration:
[0m18:30:44.398449 [info ] [MainThread]:   profiles.yml file [[32mOK found and valid[0m]
[0m18:30:44.398449 [info ] [MainThread]:   dbt_project.yml file [[31mERROR not found[0m]
[0m18:30:44.399421 [info ] [MainThread]: Required dependencies:
[0m18:30:44.400410 [debug] [MainThread]: Executing "git --help"
[0m18:30:44.443477 [debug] [MainThread]: STDOUT: "b"usage: git [-v | --version] [-h | --help] [-C <path>] [-c <name>=<value>]\n           [--exec-path[=<path>]] [--html-path] [--man-path] [--info-path]\n           [-p | --paginate | -P | --no-pager] [--no-replace-objects] [--bare]\n           [--git-dir=<path>] [--work-tree=<path>] [--namespace=<name>]\n           [--config-env=<name>=<envvar>] <command> [<args>]\n\nThese are common Git commands used in various situations:\n\nstart a working area (see also: git help tutorial)\n   clone     Clone a repository into a new directory\n   init      Create an empty Git repository or reinitialize an existing one\n\nwork on the current change (see also: git help everyday)\n   add       Add file contents to the index\n   mv        Move or rename a file, a directory, or a symlink\n   restore   Restore working tree files\n   rm        Remove files from the working tree and from the index\n\nexamine the history and state (see also: git help revisions)\n   bisect    Use binary search to find the commit that introduced a bug\n   diff      Show changes between commits, commit and working tree, etc\n   grep      Print lines matching a pattern\n   log       Show commit logs\n   show      Show various types of objects\n   status    Show the working tree status\n\ngrow, mark and tweak your common history\n   branch    List, create, or delete branches\n   commit    Record changes to the repository\n   merge     Join two or more development histories together\n   rebase    Reapply commits on top of another base tip\n   reset     Reset current HEAD to the specified state\n   switch    Switch branches\n   tag       Create, list, delete or verify a tag object signed with GPG\n\ncollaborate (see also: git help workflows)\n   fetch     Download objects and refs from another repository\n   pull      Fetch from and integrate with another repository or a local branch\n   push      Update remote refs along with associated objects\n\n'git help -a' and 'git help -g' list available subcommands and some\nconcept guides. See 'git help <command>' or 'git help <concept>'\nto read about a specific subcommand or concept.\nSee 'git help git' for an overview of the system.\n""
[0m18:30:44.444448 [debug] [MainThread]: STDERR: "b''"
[0m18:30:44.444448 [info ] [MainThread]:  - git [[32mOK found[0m]

[0m18:30:44.445409 [info ] [MainThread]: Connection:
[0m18:30:44.447417 [info ] [MainThread]:   host: dpg-cpu6miaj1k6c73b9jl9g-a.oregon-postgres.render.com
[0m18:30:44.447417 [info ] [MainThread]:   port: 5432
[0m18:30:44.448410 [info ] [MainThread]:   user: dbusername
[0m18:30:44.449409 [info ] [MainThread]:   database: dbname_7984
[0m18:30:44.450409 [info ] [MainThread]:   schema: public
[0m18:30:44.450409 [info ] [MainThread]:   connect_timeout: 10
[0m18:30:44.451409 [info ] [MainThread]:   role: None
[0m18:30:44.452409 [info ] [MainThread]:   search_path: None
[0m18:30:44.453409 [info ] [MainThread]:   keepalives_idle: 0
[0m18:30:44.453409 [info ] [MainThread]:   sslmode: None
[0m18:30:44.454408 [info ] [MainThread]:   sslcert: None
[0m18:30:44.455410 [info ] [MainThread]:   sslkey: None
[0m18:30:44.455410 [info ] [MainThread]:   sslrootcert: None
[0m18:30:44.456410 [info ] [MainThread]:   application_name: dbt
[0m18:30:44.456410 [info ] [MainThread]:   retries: 1
[0m18:30:44.457459 [info ] [MainThread]: Registered adapter: postgres=1.8.2
[0m18:30:44.458412 [debug] [MainThread]: Acquiring new postgres connection 'debug'
[0m18:30:44.519480 [debug] [MainThread]: Using postgres connection "debug"
[0m18:30:44.520496 [debug] [MainThread]: On debug: select 1 as id
[0m18:30:44.520496 [debug] [MainThread]: Opening a new connection, currently in state init
[0m18:30:46.038449 [debug] [MainThread]: Postgres adapter: Got a retryable error when attempting to open a postgres connection.
1 attempts remaining. Retrying in 0 seconds.
Error:
connection to server at "dpg-cpu6miaj1k6c73b9jl9g-a.oregon-postgres.render.com" (35.227.164.209), port 5432 failed: FATAL:  password authentication failed for user "dbusername"
connection to server at "dpg-cpu6miaj1k6c73b9jl9g-a.oregon-postgres.render.com" (35.227.164.209), port 5432 failed: server closed the connection unexpectedly
	This probably means the server terminated abnormally
	before or while processing the request.

[0m18:30:47.459234 [debug] [MainThread]: Postgres adapter: Error running SQL: select 1 as id
[0m18:30:47.460233 [debug] [MainThread]: Postgres adapter: Rolling back transaction.
[0m18:30:47.460233 [debug] [MainThread]: On debug: No close available on handle
[0m18:30:47.460233 [info ] [MainThread]:   Connection test: [[31mERROR[0m]

[0m18:30:47.461231 [info ] [MainThread]: [31m2 checks failed:[0m
[0m18:30:47.462229 [info ] [MainThread]: Project loading failed for the following reason:
 project path <C:\Users\4960022614\Documents\dbt-core-northwind\dbt_project.yml> not found

[0m18:30:47.463229 [info ] [MainThread]: dbt was unable to connect to the specified database.
The database returned the following error:

  >Database Error
  connection to server at "dpg-cpu6miaj1k6c73b9jl9g-a.oregon-postgres.render.com" (35.227.164.209), port 5432 failed: FATAL:  password authentication failed for user "dbusername"
  connection to server at "dpg-cpu6miaj1k6c73b9jl9g-a.oregon-postgres.render.com" (35.227.164.209), port 5432 failed: FATAL:  SSL/TLS required
  

Check your database credentials and try again. For more information, visit:
https://docs.getdbt.com/docs/configure-your-profile


[0m18:30:47.465231 [debug] [MainThread]: Command `dbt debug` failed at 18:30:47.465231 after 3.27 seconds
[0m18:30:47.465231 [debug] [MainThread]: Connection 'debug' was properly closed.
[0m18:30:47.465231 [debug] [MainThread]: Sending event: {'category': 'dbt', 'action': 'invocation', 'label': 'end', 'context': [<snowplow_tracker.self_describing_json.SelfDescribingJson object at 0x000001D97930D310>, <snowplow_tracker.self_describing_json.SelfDescribingJson object at 0x000001D97956EC90>, <snowplow_tracker.self_describing_json.SelfDescribingJson object at 0x000001D975BB6930>]}
[0m18:30:47.466231 [debug] [MainThread]: Flushing usage events
